[2025-03-07 22:58:55,669:INFO:main:Logging Started]
[2025-03-09 11:38:17,120:INFO:common:yaml file: config/config.yaml loaded successfully]
[2025-03-09 11:38:17,123:INFO:common:yaml file: params.yaml loaded successfully]
[2025-03-09 11:44:08,588:INFO:common:yaml file: config/config.yaml loaded successfully]
[2025-03-09 11:44:08,590:INFO:common:yaml file: params.yaml loaded successfully]
[2025-03-09 11:47:42,272:INFO:common:yaml file: config/config.yaml loaded successfully]
[2025-03-09 11:47:42,275:INFO:common:yaml file: params.yaml loaded successfully]
[2025-03-09 12:00:19,035:INFO:common:yaml file: config/config.yaml loaded successfully]
[2025-03-09 12:00:19,037:INFO:common:yaml file: params.yaml loaded successfully]
[2025-03-09 12:47:14,308:INFO:common:yaml file: config/config.yaml loaded successfully]
[2025-03-09 12:47:14,311:INFO:common:yaml file: params.yaml loaded successfully]
[2025-03-09 13:03:16,897:INFO:common:yaml file: config/config.yaml loaded successfully]
[2025-03-09 13:03:16,900:INFO:common:created directory at: artifacts]
[2025-03-09 13:03:16,902:INFO:common:created directory at: artifacts/data_ingestion]
[2025-03-09 13:03:17,804:INFO:251335794:artifacts/data_ingestion/data.zip download! with following info: 
Connection: close
Content-Length: 23329
Cache-Control: max-age=300
Content-Security-Policy: default-src 'none'; style-src 'unsafe-inline'; sandbox
Content-Type: application/zip
ETag: "c69888a4ae59bc5a893392785a938ccd4937981c06ba8a9d6a21aa52b4ab5b6e"
Strict-Transport-Security: max-age=31536000
X-Content-Type-Options: nosniff
X-Frame-Options: deny
X-XSS-Protection: 1; mode=block
X-GitHub-Request-Id: A656:487A6:10FD22:3033C5:67CD443B
Accept-Ranges: bytes
Date: Sun, 09 Mar 2025 07:33:17 GMT
Via: 1.1 varnish
X-Served-By: cache-maa10231-MAA
X-Cache: MISS
X-Cache-Hits: 0
X-Timer: S1741505597.464807,VS0,VE297
Vary: Authorization,Accept-Encoding,Origin
Access-Control-Allow-Origin: *
Cross-Origin-Resource-Policy: cross-origin
X-Fastly-Request-ID: acc6a322a884c89ee7092cff3db9ee9196c86d96
Expires: Sun, 09 Mar 2025 07:38:17 GMT
Source-Age: 0

]
[2025-03-09 14:37:12,165:INFO:common:yaml file: config/config.yaml loaded successfully]
[2025-03-09 14:37:12,168:INFO:common:yaml file: params.yaml loaded successfully]
[2025-03-09 14:37:12,170:INFO:common:yaml file: schema.yaml loaded successfully]
[2025-03-09 14:37:12,172:INFO:common:created directory at: artifacts]
[2025-03-09 14:37:12,172:INFO:common:created directory at: artifacts/data_ingestion]
[2025-03-09 14:37:12,173:INFO:251335794:File already exists]
[2025-03-09 15:25:42,882:INFO:main:>>>>>> stage Data Ingestion STAGE started <<<<<<]
[2025-03-09 15:25:42,884:INFO:common:yaml file: config/config.yaml loaded successfully]
[2025-03-09 15:25:42,884:INFO:common:yaml file: params.yaml loaded successfully]
[2025-03-09 15:25:42,885:INFO:common:yaml file: schema.yaml loaded successfully]
[2025-03-09 15:25:42,885:INFO:common:created directory at: artifacts]
[2025-03-09 15:25:42,885:INFO:common:created directory at: artifacts/data_ingestion]
[2025-03-09 15:25:43,789:INFO:data_ingestion:artifacts/data_ingestion/data.zip download! with following info: 
Connection: close
Content-Length: 23329
Cache-Control: max-age=300
Content-Security-Policy: default-src 'none'; style-src 'unsafe-inline'; sandbox
Content-Type: application/zip
ETag: "c69888a4ae59bc5a893392785a938ccd4937981c06ba8a9d6a21aa52b4ab5b6e"
Strict-Transport-Security: max-age=31536000
X-Content-Type-Options: nosniff
X-Frame-Options: deny
X-XSS-Protection: 1; mode=block
X-GitHub-Request-Id: 1419:11327:3F674B:AC5EB5:67CD58A2
Accept-Ranges: bytes
Date: Sun, 09 Mar 2025 09:55:43 GMT
Via: 1.1 varnish
X-Served-By: cache-maa10233-MAA
X-Cache: HIT
X-Cache-Hits: 0
X-Timer: S1741514144.572960,VS0,VE295
Vary: Authorization,Accept-Encoding,Origin
Access-Control-Allow-Origin: *
Cross-Origin-Resource-Policy: cross-origin
X-Fastly-Request-ID: af3494907255d20481c86febf296269e9551dd4c
Expires: Sun, 09 Mar 2025 10:00:43 GMT
Source-Age: 0

]
[2025-03-09 15:25:43,792:INFO:main:>>>>>> stage Data Ingestion STAGE completed <<<<<<

x==========x]
